<?xml version="1.0" encoding="UTF-8"?>
<!-- Generated by org.testng.reporters.JUnitReportReporter -->
<testsuite hostname="DESKTOP-KANSG4L" failures="0" tests="6" name="executePageClasses.ExecuteDashboardPageClass" time="71.112" errors="0" timestamp="2023-06-19T21:39:22 IST" skipped="0">
  <testcase classname="executePageClasses.ExecuteDashboardPageClass" name="verifyLogoisDisplayed" time="9.105"/>
  <system-out/>
  <testcase classname="executePageClasses.ExecuteDashboardPageClass" name="verifyLogoisDisplayed" time="7.506"/>
  <system-out/>
  <testcase classname="executePageClasses.ExecuteDashboardPageClass" name="verifyClientsTabIsDisplayedorNot" time="29.406"/>
  <system-out/>
  <testcase classname="executePageClasses.ExecuteDashboardPageClass" name="verifyWelocmeMsgIsDisplayedorNot" time="7.526"/>
  <system-out/>
  <testcase classname="executePageClasses.ExecuteDashboardPageClass" name="verifyClientsTabIsDisplayedorNot" time="8.848"/>
  <system-out/>
  <testcase classname="executePageClasses.ExecuteDashboardPageClass" name="verifyWelocmeMsgIsDisplayedorNot" time="8.721"/>
  <system-out/>
</testsuite> <!-- executePageClasses.ExecuteDashboardPageClass -->
