<?xml version="1.0" encoding="UTF-8"?>
<!-- Generated by org.testng.reporters.JUnitReportReporter -->
<testsuite hostname="DESKTOP-KANSG4L" failures="0" tests="1" name="executePageClasses.ExecuteClientsPageClass" time="11.698" errors="0" timestamp="2023-06-22T20:50:15 IST" skipped="0">
  <testcase classname="executePageClasses.ExecuteClientsPageClass" name="verifyToCreateANewClient" time="11.698"/>
  <system-out/>
</testsuite> <!-- executePageClasses.ExecuteClientsPageClass -->
