<?xml version="1.0" encoding="UTF-8"?>
<!-- Generated by org.testng.reporters.JUnitReportReporter -->
<testsuite hostname="DESKTOP-KANSG4L" failures="0" tests="4" name="executePageClasses.ExecuteDedudctionPageClass" time="51.731" errors="0" timestamp="2023-06-19T21:39:22 IST" skipped="0">
  <testcase classname="executePageClasses.ExecuteDedudctionPageClass" name="verifyToCreateANewDedudction" time="11.297"/>
  <system-out/>
  <testcase classname="executePageClasses.ExecuteDedudctionPageClass" name="verifyDeductionPageOpeiningWhileClickingDeductionTab" time="11.144"/>
  <system-out/>
  <testcase classname="executePageClasses.ExecuteDedudctionPageClass" name="verifyToCreateANewDedudction" time="13.126"/>
  <system-out/>
  <testcase classname="executePageClasses.ExecuteDedudctionPageClass" name="verifyDeductionPageOpeiningWhileClickingDeductionTab" time="16.164"/>
  <system-out/>
</testsuite> <!-- executePageClasses.ExecuteDedudctionPageClass -->
