<?xml version="1.0" encoding="UTF-8"?>
<!-- Generated by org.testng.reporters.JUnitReportReporter -->
<testsuite hostname="DESKTOP-KANSG4L" failures="0" tests="1" name="executePageClasses.ExecuteDeductionPageClass" time="8.508" errors="0" timestamp="2023-06-19T13:31:52 IST" skipped="0">
  <testcase classname="executePageClasses.ExecuteDeductionPageClass" name="verifyDeductionPageOpeiningWhileClickingDeductionTab" time="8.508"/>
  <system-out/>
</testsuite> <!-- executePageClasses.ExecuteDeductionPageClass -->
