<?xml version="1.0" encoding="UTF-8"?>
<!-- Generated by org.testng.reporters.JUnitReportReporter -->
<testsuite hostname="DESKTOP-KANSG4L" failures="0" tests="4" name="executePageClasses.ExecuteClientsPageClass" time="83.619" errors="0" timestamp="2023-06-19T21:39:22 IST" skipped="0">
  <testcase classname="executePageClasses.ExecuteClientsPageClass" name="verifyToCreateANewClient" time="18.906"/>
  <system-out/>
  <testcase classname="executePageClasses.ExecuteClientsPageClass" name="verifySearchFunctionality" time="40.791"/>
  <system-out/>
  <testcase classname="executePageClasses.ExecuteClientsPageClass" name="verifySearchFunctionality" time="10.264"/>
  <system-out/>
  <testcase classname="executePageClasses.ExecuteClientsPageClass" name="verifyToCreateANewClient" time="13.658"/>
  <system-out/>
</testsuite> <!-- executePageClasses.ExecuteClientsPageClass -->
