<?xml version="1.0" encoding="UTF-8"?>
<!-- Generated by org.testng.reporters.JUnitReportReporter -->
<testsuite hostname="DESKTOP-KANSG4L" failures="0" tests="4" name="executePageClasses.ExecuteDedudctionPageClass" time="37.510" errors="0" timestamp="2023-06-23T20:45:22 IST" skipped="0">
  <testcase classname="executePageClasses.ExecuteDedudctionPageClass" name="verifyToCreateANewDedudction" time="11.615"/>
  <system-out/>
  <testcase classname="executePageClasses.ExecuteDedudctionPageClass" name="verifyDeductionPageOpeiningWhileClickingDeductionTab" time="8.581"/>
  <system-out/>
  <testcase classname="executePageClasses.ExecuteDedudctionPageClass" name="verifyToCreateANewDedudction" time="11.483"/>
  <system-out/>
  <testcase classname="executePageClasses.ExecuteDedudctionPageClass" name="verifyDeductionPageOpeiningWhileClickingDeductionTab" time="5.831"/>
  <system-out/>
</testsuite> <!-- executePageClasses.ExecuteDedudctionPageClass -->
