<?xml version="1.0" encoding="UTF-8"?>
<!-- Generated by org.testng.reporters.JUnitReportReporter -->
<testsuite hostname="DESKTOP-KANSG4L" failures="0" tests="10" name="executePageClasses.ExecuteLoginPageClass" time="86.557" errors="0" timestamp="2023-06-19T21:39:22 IST" skipped="0">
  <testcase classname="executePageClasses.ExecuteLoginPageClass" name="verifyCorrectPageIsOpenWhileHittingTheUrl" time="6.787"/>
  <system-out/>
  <testcase classname="executePageClasses.ExecuteLoginPageClass" name="verifyCorrectPageIsOpenWhileHittingTheUrl" time="8.265"/>
  <system-out/>
  <testcase classname="executePageClasses.ExecuteLoginPageClass" name="verifyUnSuccessfullLogin" time="9.477"/>
  <system-out/>
  <testcase classname="executePageClasses.ExecuteLoginPageClass" name="verifySuccessfullLogin" time="9.198"/>
  <system-out/>
  <testcase classname="executePageClasses.ExecuteLoginPageClass" name="verifyUnSuccessfullLogin" time="7.390"/>
  <system-out/>
  <testcase classname="executePageClasses.ExecuteLoginPageClass" name="verifyUnSuccessfullLogin" time="15.438"/>
  <system-out/>
  <testcase classname="executePageClasses.ExecuteLoginPageClass" name="verifyUnSuccessfullLogin" time="8.000"/>
  <system-out/>
  <testcase classname="executePageClasses.ExecuteLoginPageClass" name="verifyUnSuccessfullLogin" time="8.209"/>
  <system-out/>
  <testcase classname="executePageClasses.ExecuteLoginPageClass" name="verifyUnSuccessfullLogin" time="6.484"/>
  <system-out/>
  <testcase classname="executePageClasses.ExecuteLoginPageClass" name="verifySuccessfullLogin" time="7.309"/>
  <system-out/>
</testsuite> <!-- executePageClasses.ExecuteLoginPageClass -->
