<?xml version="1.0" encoding="UTF-8"?>
<!-- Generated by org.testng.reporters.JUnitReportReporter -->
<testsuite hostname="DESKTOP-KANSG4L" failures="0" tests="1" name="executePageClasses.ExecuteTimesheetPageClass" time="11.598" errors="0" timestamp="2023-06-24T20:32:44 IST" skipped="0">
  <testcase classname="executePageClasses.ExecuteTimesheetPageClass" name="VerifyToCreateANewTimesheet" time="11.598"/>
  <system-out/>
</testsuite> <!-- executePageClasses.ExecuteTimesheetPageClass -->
